Detecting C [-std=c11] compiler features failed to compile with the following output:
Change Dir: /Users/mayankbajaj/Desktop/C-Codes/Linked-L-Placement:(/cmake-build-debug/CMakeFiles/CMakeTmp

Run Build Command(s):/usr/bin/make cmTC_25ee7/fast 
/Library/Developer/CommandLineTools/usr/bin/make -f CMakeFiles/cmTC_25ee7.dir/build.make CMakeFiles/cmTC_25ee7.dir/build
CMakeFiles/cmTC_25ee7.dir/build.make:64: *** target pattern contains no `%'.  Stop.
make: *** [cmTC_25ee7/fast] Error 2



Detecting CXX [-std=c++1z] compiler features failed to compile with the following output:
Change Dir: /Users/mayankbajaj/Desktop/C-Codes/Linked-L-Placement:(/cmake-build-debug/CMakeFiles/CMakeTmp

Run Build Command(s):/usr/bin/make cmTC_e2c41/fast 
/Library/Developer/CommandLineTools/usr/bin/make -f CMakeFiles/cmTC_e2c41.dir/build.make CMakeFiles/cmTC_e2c41.dir/build
CMakeFiles/cmTC_e2c41.dir/build.make:64: *** target pattern contains no `%'.  Stop.
make: *** [cmTC_e2c41/fast] Error 2



